  - Option "race" has autocomplete enabled
  - Option "race" has autocomplete enabled
  - Option "race" has autocomplete enabled
  - Option "race" has autocomplete enabled
  - Option "charactername" has autocomplete enabled
  - Option "updatedinfo" has autocomplete enabled
  - Option "charactername" has autocomplete enabled
  - Option "charactername" has autocomplete enabled
  - Option "charactername" has autocomplete enabled
  - Option "newjob" has autocomplete enabled
  - Option "charactername" has autocomplete enabled
✅ Loaded command: character from C:\Users\Ruu\Desktop\Tinglebot 2.0\commands\character\character.js
  - Option "charactername" has autocomplete enabled
  - Option "charactername" has autocomplete enabled
✅ Loaded command: mount from C:\Users\Ruu\Desktop\Tinglebot 2.0\commands\companions\mount.js
  - Option "charactername" has autocomplete enabled
  - Option "petname" has autocomplete enabled
  - Option "rolltype" has autocomplete enabled
  - Option "charactername" has autocomplete enabled
  - Option "petname" has autocomplete enabled
  - Option "charactername" has autocomplete enabled
  - Option "species" has autocomplete enabled
  - Option "charactername" has autocomplete enabled
  - Option "petname" has autocomplete enabled
  - Option "charactername" has autocomplete enabled
  - Option "petname" has autocomplete enabled
  - Option "charactername" has autocomplete enabled
  - Option "petname" has autocomplete enabled
.
✅ Loaded command: pet from C:\Users\Ruu\Desktop\Tinglebot 2.0\commands\companions\pet.js
  - Option "charactername" has autocomplete enabled
  - Option "charactername" has autocomplete enabled
  - Option "mountname" has autocomplete enabled
  - Option "charactername" has autocomplete enabled
  - Option "mountname" has autocomplete enabled
  - Option "charactername" has autocomplete enabled
  - Option "mountname" has autocomplete enabled
.
✅ Loaded command: stable from C:\Users\Ruu\Desktop\Tinglebot 2.0\commands\companions\stable.js
  - Option "fromcharacter" has autocomplete enabled
  - Option "tocharacter" has autocomplete enabled
  - Option "itema" has autocomplete enabled
  - Option "itemb" has autocomplete enabled
  - Option "itemc" has autocomplete enabled
  - Option "charactername" has autocomplete enabled
  - Option "itemname" has autocomplete enabled
  - Option "charactername" has autocomplete enabled
  - Option "itemname" has autocomplete enabled
  - Option "fromcharacter" has autocomplete enabled
  - Option "tocharacter" has autocomplete enabled
  - Option "item1" has autocomplete enabled
  - Option "item2" has autocomplete enabled
  - Option "item3" has autocomplete enabled
  - Option "fromcharacter" has autocomplete enabled
  - Option "tocharacter" has autocomplete enabled
  - Option "itema" has autocomplete enabled
  - Option "itemb" has autocomplete enabled
  - Option "itemc" has autocomplete enabled
.
✅ Loaded command: economy from C:\Users\Ruu\Desktop\Tinglebot 2.0\commands\economy\economy.js
  - Option "charactername" has autocomplete enabled
  - Option "item1" has autocomplete enabled
  - Option "item2" has autocomplete enabled
  - Option "item3" has autocomplete enabled
  - Option "charactername" has autocomplete enabled
.
✅ Loaded command: explore from C:\Users\Ruu\Desktop\Tinglebot 2.0\commands\exploration\explore.js
✅ Loaded command: viewmap from C:\Users\Ruu\Desktop\Tinglebot 2.0\commands\exploration\viewMap.js
  - Option "charactername" has autocomplete enabled
  - Option "charactername" has autocomplete enabled
  - Option "baseweapon" has autocomplete enabled
  - Option "subtype" has autocomplete enabled
.
✅ Loaded command: customweapon from C:\Users\Ruu\Desktop\Tinglebot 2.0\commands\inventory\customWeapon.js
  - Option "charactername" has autocomplete enabled
  - Option "itemname" has autocomplete enabled
.
✅ Loaded command: gear from C:\Users\Ruu\Desktop\Tinglebot 2.0\commands\inventory\gear.js
  - Option "charactername" has autocomplete enabled
  - Option "charactername" has autocomplete enabled
  - Option "charactername" has autocomplete enabled
.
✅ Loaded command: inventory from C:\Users\Ruu\Desktop\Tinglebot 2.0\commands\inventory\inventory.js
  - Option "charactername" has autocomplete enabled
  - Option "itemname" has autocomplete enabled
  - Option "jobname" has autocomplete enabled
.
✅ Loaded command: item from C:\Users\Ruu\Desktop\Tinglebot 2.0\commands\inventory\item.js
  - Option "character" has autocomplete enabled
  - Option "appraiser" has autocomplete enabled
  - Option "appraiser" has autocomplete enabled
.
✅ Loaded command: relic from C:\Users\Ruu\Desktop\Tinglebot 2.0\commands\inventory\relic.js
  - Option "character" has autocomplete enabled
  - Option "character" has autocomplete enabled
.
✅ Loaded command: spiritorbs from C:\Users\Ruu\Desktop\Tinglebot 2.0\commands\inventory\spiritOrb.js
  - Option "character" has autocomplete enabled
  - Option "booster" has autocomplete enabled
  - Option "character" has autocomplete enabled
.
✅ Loaded command: boosting from C:\Users\Ruu\Desktop\Tinglebot 2.0\commands\jobs\boosting.js
  - Option "charactername" has autocomplete enabled
  - Option "itemname" has autocomplete enabled
.
✅ Loaded command: crafting from C:\Users\Ruu\Desktop\Tinglebot 2.0\commands\jobs\crafting.js
  - Option "sender" has autocomplete enabled
  - Option "courier" has autocomplete enabled
  - Option "recipient" has autocomplete enabled
  - Option "item" has autocomplete enabled
  - Option "courier" has autocomplete enabled
  - Option "courier" has autocomplete enabled
  - Option "character" has autocomplete enabled
  - Option "recipient" has autocomplete enabled
  - Option "courier" has autocomplete enabled
  - Option "vendoritem" has autocomplete enabled
.
✅ Loaded command: deliver from C:\Users\Ruu\Desktop\Tinglebot 2.0\commands\jobs\deliver.js
  - Option "charactername" has autocomplete enabled
.
✅ Loaded command: gather from C:\Users\Ruu\Desktop\Tinglebot 2.0\commands\jobs\gather.js
  - Option "charactername" has autocomplete enabled
  - Option "healer" has autocomplete enabled
  - Option "healername" has autocomplete enabled
.
✅ Loaded command: heal from C:\Users\Ruu\Desktop\Tinglebot 2.0\commands\jobs\heal.js
  - Option "charactername" has autocomplete enabled
.
✅ Loaded command: loot from C:\Users\Ruu\Desktop\Tinglebot 2.0\commands\jobs\loot.js
  - Option "charactername" has autocomplete enabled
  - Option "target" has autocomplete enabled
  - Option "rarity" has autocomplete enabled
✅ Loaded command: steal from C:\Users\Ruu\Desktop\Tinglebot 2.0\commands\jobs\steal.js
  - Option "charactername" has autocomplete enabled
  - Option "charactername" has autocomplete enabled
  - Option "charactername" has autocomplete enabled
  - Option "itemname" has autocomplete enabled
  - Option "slot" has autocomplete enabled
  - Option "charactername" has autocomplete enabled
  - Option "itemname" has autocomplete enabled
  - Option "charactername" has autocomplete enabled
  - Option "charactername" has autocomplete enabled
  - Option "vendorcharacter" has autocomplete enabled
  - Option "itemname" has autocomplete enabled
  - Option "charactername" has autocomplete enabled
.
✅ Loaded command: vending from C:\Users\Ruu\Desktop\Tinglebot 2.0\commands\jobs\vending.js
✅ Loaded command: updateparties from C:\Users\Ruu\Desktop\Tinglebot 2.0\commands\moderation\fixparties.js
  - Option "character" has autocomplete enabled
  - Option "item" has autocomplete enabled
  - Option "character" has autocomplete enabled
  - Option "petname" has autocomplete enabled
  - Option "character" has autocomplete enabled
  - Option "character" has autocomplete enabled
.
✅ Loaded command: mod from C:\Users\Ruu\Desktop\Tinglebot 2.0\commands\moderation\mod.js
  - Option "charactername" has autocomplete enabled
.
✅ Loaded command: specialweather from C:\Users\Ruu\Desktop\Tinglebot 2.0\commands\specialweather.js
  - Option "item" has autocomplete enabled
  - Option "ingredient" has autocomplete enabled
✅ Loaded command: lookup from C:\Users\Ruu\Desktop\Tinglebot 2.0\commands\utility\lookup.js
